# JRE version: Java(TM) SE Runtime Environment (8.0_121-b13) (build 1.8.0_121-b13)
# Java VM: Java HotSpot(TM) 64-Bit Server VM (25.121-b13 mixed mode windows-amd64 compressed oops)
Heap:
 PSYoungGen      total 119808K, used 22462K [0x00000000eab00000, 0x00000000f3180000, 0x0000000100000000)
  eden space 110080K, 11% used [0x00000000eab00000,0x00000000eb7b0a90,0x00000000f1680000)
  from space 9728K, 97% used [0x00000000f2800000,0x00000000f313edc8,0x00000000f3180000)
  to   space 13312K, 0% used [0x00000000f1780000,0x00000000f1780000,0x00000000f2480000)
 ParOldGen       total 89600K, used 21748K [0x00000000c0000000, 0x00000000c5780000, 0x00000000eab00000)
  object space 89600K, 24% used [0x00000000c0000000,0x00000000c153d2d8,0x00000000c5780000)
 Metaspace       used 41255K, capacity 42098K, committed 42368K, reserved 1085440K
  class space    used 5710K, capacity 5907K, committed 6016K, reserved 1048576K
GC Heap History (10 events):
Event: 8.842 GC heap before
{Heap before GC invocations=8 (full 1):
 PSYoungGen      total 60928K, used 56157K [0x00000000eab00000, 0x00000000ef380000, 0x0000000100000000)
  eden space 51712K, 100% used [0x00000000eab00000,0x00000000edd80000,0x00000000edd80000)
  from space 9216K, 48% used [0x00000000eea80000,0x00000000eeed75c8,0x00000000ef380000)
  to   space 11264K, 0% used [0x00000000edd80000,0x00000000edd80000,0x00000000ee880000)
 ParOldGen       total 60416K, used 10547K [0x00000000c0000000, 0x00000000c3b00000, 0x00000000eab00000)
  object space 60416K, 17% used [0x00000000c0000000,0x00000000c0a4cde0,0x00000000c3b00000)
 Metaspace       used 28157K, capacity 28614K, committed 28800K, reserved 1075200K
  class space    used 3797K, capacity 3949K, committed 3968K, reserved 1048576K
Event: 8.856 GC heap after
Heap after GC invocations=8 (full 1):
 PSYoungGen      total 62976K, used 5367K [0x00000000eab00000, 0x00000000f1000000, 0x0000000100000000)
  eden space 51712K, 0% used [0x00000000eab00000,0x00000000eab00000,0x00000000edd80000)
  from space 11264K, 47% used [0x00000000edd80000,0x00000000ee2bdec8,0x00000000ee880000)
  to   space 10752K, 0% used [0x00000000f0580000,0x00000000f0580000,0x00000000f1000000)
 ParOldGen       total 60416K, used 10555K [0x00000000c0000000, 0x00000000c3b00000, 0x00000000eab00000)
  object space 60416K, 17% used [0x00000000c0000000,0x00000000c0a4ede0,0x00000000c3b00000)
 Metaspace       used 28157K, capacity 28614K, committed 28800K, reserved 1075200K
  class space    used 3797K, capacity 3949K, committed 3968K, reserved 1048576K
}
Event: 10.410 GC heap before
{Heap before GC invocations=9 (full 1):
 PSYoungGen      total 62976K, used 57079K [0x00000000eab00000, 0x00000000f1000000, 0x0000000100000000)
  eden space 51712K, 100% used [0x00000000eab00000,0x00000000edd80000,0x00000000edd80000)
  from space 11264K, 47% used [0x00000000edd80000,0x00000000ee2bdec8,0x00000000ee880000)
  to   space 10752K, 0% used [0x00000000f0580000,0x00000000f0580000,0x00000000f1000000)
 ParOldGen       total 60416K, used 10555K [0x00000000c0000000, 0x00000000c3b00000, 0x00000000eab00000)
  object space 60416K, 17% used [0x00000000c0000000,0x00000000c0a4ede0,0x00000000c3b00000)
 Metaspace       used 30883K, capacity 31472K, committed 31616K, reserved 1077248K
  class space    used 4173K, capacity 4370K, committed 4480K, reserved 1048576K
Event: 10.467 GC heap after
Heap after GC invocations=9 (full 1):
 PSYoungGen      total 92672K, used 7182K [0x00000000eab00000, 0x00000000f1480000, 0x0000000100000000)
  eden space 81920K, 0% used [0x00000000eab00000,0x00000000eab00000,0x00000000efb00000)
  from space 10752K, 66% used [0x00000000f0580000,0x00000000f0c83b10,0x00000000f1000000)
  to   space 10752K, 0% used [0x00000000efb00000,0x00000000efb00000,0x00000000f0580000)
 ParOldGen       total 60416K, used 10555K [0x00000000c0000000, 0x00000000c3b00000, 0x00000000eab00000)
  object space 60416K, 17% used [0x00000000c0000000,0x00000000c0a4ede0,0x00000000c3b00000)
 Metaspace       used 30883K, capacity 31472K, committed 31616K, reserved 1077248K
  class space    used 4173K, capacity 4370K, committed 4480K, reserved 1048576K
}
Event: 11.217 GC heap before
{Heap before GC invocations=10 (full 1):
 PSYoungGen      total 92672K, used 76750K [0x00000000eab00000, 0x00000000f1480000, 0x0000000100000000)
  eden space 81920K, 84% used [0x00000000eab00000,0x00000000eeef0020,0x00000000efb00000)
  from space 10752K, 66% used [0x00000000f0580000,0x00000000f0c83b10,0x00000000f1000000)
  to   space 10752K, 0% used [0x00000000efb00000,0x00000000efb00000,0x00000000f0580000)
 ParOldGen       total 60416K, used 10555K [0x00000000c0000000, 0x00000000c3b00000, 0x00000000eab00000)
  object space 60416K, 17% used [0x00000000c0000000,0x00000000c0a4ede0,0x00000000c3b00000)
 Metaspace       used 34655K, capacity 35330K, committed 35456K, reserved 1079296K
  class space    used 4698K, capacity 4878K, committed 4992K, reserved 1048576K
Event: 11.228 GC heap after
Heap after GC invocations=10 (full 1):
 PSYoungGen      total 92672K, used 10750K [0x00000000eab00000, 0x00000000f3500000, 0x0000000100000000)
  eden space 81920K, 0% used [0x00000000eab00000,0x00000000eab00000,0x00000000efb00000)
  from space 10752K, 99% used [0x00000000efb00000,0x00000000f057fa28,0x00000000f0580000)
  to   space 13312K, 0% used [0x00000000f2800000,0x00000000f2800000,0x00000000f3500000)
 ParOldGen       total 60416K, used 13851K [0x00000000c0000000, 0x00000000c3b00000, 0x00000000eab00000)
  object space 60416K, 22% used [0x00000000c0000000,0x00000000c0d86f80,0x00000000c3b00000)
 Metaspace       used 34655K, capacity 35330K, committed 35456K, reserved 1079296K
  class space    used 4698K, capacity 4878K, committed 4992K, reserved 1048576K
}
Event: 11.228 GC heap before
{Heap before GC invocations=11 (full 2):
 PSYoungGen      total 92672K, used 10750K [0x00000000eab00000, 0x00000000f3500000, 0x0000000100000000)
  eden space 81920K, 0% used [0x00000000eab00000,0x00000000eab00000,0x00000000efb00000)
  from space 10752K, 99% used [0x00000000efb00000,0x00000000f057fa28,0x00000000f0580000)
  to   space 13312K, 0% used [0x00000000f2800000,0x00000000f2800000,0x00000000f3500000)
 ParOldGen       total 60416K, used 13851K [0x00000000c0000000, 0x00000000c3b00000, 0x00000000eab00000)
  object space 60416K, 22% used [0x00000000c0000000,0x00000000c0d86f80,0x00000000c3b00000)
 Metaspace       used 34655K, capacity 35330K, committed 35456K, reserved 1079296K
  class space    used 4698K, capacity 4878K, committed 4992K, reserved 1048576K
Event: 11.314 GC heap after
Heap after GC invocations=11 (full 2):
 PSYoungGen      total 92672K, used 0K [0x00000000eab00000, 0x00000000f3500000, 0x0000000100000000)
  eden space 81920K, 0% used [0x00000000eab00000,0x00000000eab00000,0x00000000efb00000)
  from space 10752K, 0% used [0x00000000efb00000,0x00000000efb00000,0x00000000f0580000)
  to   space 13312K, 0% used [0x00000000f2800000,0x00000000f2800000,0x00000000f3500000)
 ParOldGen       total 89600K, used 21740K [0x00000000c0000000, 0x00000000c5780000, 0x00000000eab00000)
  object space 89600K, 24% used [0x00000000c0000000,0x00000000c153b2d8,0x00000000c5780000)
 Metaspace       used 34655K, capacity 35330K, committed 35456K, reserved 1079296K
  class space    used 4698K, capacity 4878K, committed 4992K, reserved 1048576K
}
Event: 12.773 GC heap before
{Heap before GC invocations=12 (full 2):
 PSYoungGen      total 92672K, used 81920K [0x00000000eab00000, 0x00000000f3500000, 0x0000000100000000)
  eden space 81920K, 100% used [0x00000000eab00000,0x00000000efb00000,0x00000000efb00000)
  from space 10752K, 0% used [0x00000000efb00000,0x00000000efb00000,0x00000000f0580000)
  to   space 13312K, 0% used [0x00000000f2800000,0x00000000f2800000,0x00000000f3500000)
 ParOldGen       total 89600K, used 21740K [0x00000000c0000000, 0x00000000c5780000, 0x00000000eab00000)
  object space 89600K, 24% used [0x00000000c0000000,0x00000000c153b2d8,0x00000000c5780000)
 Metaspace       used 40887K, capacity 41582K, committed 41728K, reserved 1085440K
  class space    used 5637K, capacity 5824K, committed 5888K, reserved 1048576K
Event: 12.781 GC heap after
Heap after GC invocations=12 (full 2):
 PSYoungGen      total 119808K, used 9467K [0x00000000eab00000, 0x00000000f3180000, 0x0000000100000000)
  eden space 110080K, 0% used [0x00000000eab00000,0x00000000eab00000,0x00000000f1680000)
  from space 9728K, 97% used [0x00000000f2800000,0x00000000f313edc8,0x00000000f3180000)
  to   space 13312K, 0% used [0x00000000f1780000,0x00000000f1780000,0x00000000f2480000)
 ParOldGen       total 89600K, used 21748K [0x00000000c0000000, 0x00000000c5780000, 0x00000000eab00000)
  object space 89600K, 24% used [0x00000000c0000000,0x00000000c153d2d8,0x00000000c5780000)
 Metaspace       used 40887K, capacity 41582K, committed 41728K, reserved 1085440K
  class space    used 5637K, capacity 5824K, committed 5888K, reserved 1048576K
}

